Removed Pin From Net: NetName=TM10 Pin=NX1-0
Removed Pin From Net: NetName=TM1 Pin=NX1-1
Removed Pin From Net: NetName=TM2 Pin=NX1-2
Removed Pin From Net: NetName=TM3 Pin=NX1-3
Removed Pin From Net: NetName=TM4 Pin=NX1-4
Removed Pin From Net: NetName=TM5 Pin=NX1-5
Removed Pin From Net: NetName=TM6 Pin=NX1-6
Removed Pin From Net: NetName=TM7 Pin=NX1-7
Removed Pin From Net: NetName=TM8 Pin=NX1-8
Removed Pin From Net: NetName=TM9 Pin=NX1-9
Removed Pin From Net: NetName=TM20 Pin=NX2-0
Removed Pin From Net: NetName=TM11 Pin=NX2-1
Removed Pin From Net: NetName=TM12 Pin=NX2-2
Removed Pin From Net: NetName=TM13 Pin=NX2-3
Removed Pin From Net: NetName=TM14 Pin=NX2-4
Removed Pin From Net: NetName=TM17 Pin=NX2-7
Removed Pin From Net: NetName=TM18 Pin=NX2-8
Removed Pin From Net: NetName=TM19 Pin=NX2-9
Removed Pin From Net: NetName=TM30 Pin=NX3-0
Removed Pin From Net: NetName=TM21 Pin=NX3-1
Removed Pin From Net: NetName=TM22 Pin=NX3-2
Removed Pin From Net: NetName=TM23 Pin=NX3-3
Removed Pin From Net: NetName=TM24 Pin=NX3-4
Removed Pin From Net: NetName=TM25 Pin=NX3-5
Removed Pin From Net: NetName=TM26 Pin=NX3-6
Removed Pin From Net: NetName=TM27 Pin=NX3-7
Removed Pin From Net: NetName=TM28 Pin=NX3-8
Removed Pin From Net: NetName=TM29 Pin=NX3-9
Removed Pin From Net: NetName=TM10 Pin=NX4-0
Removed Pin From Net: NetName=TM1 Pin=NX4-1
Removed Pin From Net: NetName=TM2 Pin=NX4-2
Removed Pin From Net: NetName=TM3 Pin=NX4-3
Removed Pin From Net: NetName=TM4 Pin=NX4-4
Removed Pin From Net: NetName=TM5 Pin=NX4-5
Removed Pin From Net: NetName=TM6 Pin=NX4-6
Removed Pin From Net: NetName=TM7 Pin=NX4-7
Removed Pin From Net: NetName=TM8 Pin=NX4-8
Removed Pin From Net: NetName=TM9 Pin=NX4-9
Removed Pin From Net: NetName=TM20 Pin=NX5-0
Removed Pin From Net: NetName=TM11 Pin=NX5-1
Removed Pin From Net: NetName=TM12 Pin=NX5-2
Removed Pin From Net: NetName=TM13 Pin=NX5-3
Removed Pin From Net: NetName=TM14 Pin=NX5-4
Removed Pin From Net: NetName=TM17 Pin=NX5-7
Removed Pin From Net: NetName=TM18 Pin=NX5-8
Removed Pin From Net: NetName=TM19 Pin=NX5-9
Removed Pin From Net: NetName=TM30 Pin=NX6-0
Removed Pin From Net: NetName=TM21 Pin=NX6-1
Removed Pin From Net: NetName=TM22 Pin=NX6-2
Removed Pin From Net: NetName=TM23 Pin=NX6-3
Removed Pin From Net: NetName=TM24 Pin=NX6-4
Removed Pin From Net: NetName=TM25 Pin=NX6-5
Removed Pin From Net: NetName=TM26 Pin=NX6-6
Removed Pin From Net: NetName=TM27 Pin=NX6-7
Removed Pin From Net: NetName=TM28 Pin=NX6-8
Removed Pin From Net: NetName=TM29 Pin=NX6-9
Change Component Designator: OldDesignator=R13 NewDesignator=R1
Change Component Designator: OldDesignator=R14 NewDesignator=R2
Change Component Designator: OldDesignator=R15 NewDesignator=R4
Change Component Designator: OldDesignator=R16 NewDesignator=R5
Change Component Designator: OldDesignator=R17 NewDesignator=R3
Change Component Designator: OldDesignator=R18 NewDesignator=R6
Change component parameters: Designator = "P1"; Footprint = "HDR2X18"; UniqueID = "\KENDFYRE"
Change component parameters. Clean all parameters for all variants
Change component parameters (AddParameter): Name = "LatestRevisionDate"; Value = "17-Jul-2002"; VariantName = "[No Variations]"
Change component parameters (AddParameter): Name = "LatestRevisionNote"; Value = "Re-released for DXP Platform."; VariantName = "[No Variations]"
Change component parameters (AddParameter): Name = "Publisher"; Value = "Altium Limited"; VariantName = "[No Variations]"
Change component parameters (AddParameter): Name = "System"; Value = "Connector"; VariantName = "[No Variations]"
Added Pin To Net: NetName=TM23 Pin=NX1-0
Added Pin To Net: NetName=TM29 Pin=NX1-1
Added Pin To Net: NetName=TM30 Pin=NX1-2
Added Pin To Net: NetName=TM27 Pin=NX1-3
Added Pin To Net: NetName=TM28 Pin=NX1-4
Added Pin To Net: NetName=TM25 Pin=NX1-5
Added Pin To Net: NetName=TM26 Pin=NX1-6
Added Pin To Net: NetName=TM22 Pin=NX1-7
Added Pin To Net: NetName=TM21 Pin=NX1-8
Added Pin To Net: NetName=TM24 Pin=NX1-9
Added Pin To Net: NetName=TM13 Pin=NX2-0
Added Pin To Net: NetName=TM19 Pin=NX2-1
Added Pin To Net: NetName=TM20 Pin=NX2-2
Added Pin To Net: NetName=TM17 Pin=NX2-3
Added Pin To Net: NetName=TM18 Pin=NX2-4
Added Pin To Net: NetName=TM12 Pin=NX2-7
Added Pin To Net: NetName=TM11 Pin=NX2-8
Added Pin To Net: NetName=TM14 Pin=NX2-9
Added Pin To Net: NetName=TM3 Pin=NX3-0
Added Pin To Net: NetName=TM9 Pin=NX3-1
Added Pin To Net: NetName=TM10 Pin=NX3-2
Added Pin To Net: NetName=TM7 Pin=NX3-3
Added Pin To Net: NetName=TM8 Pin=NX3-4
Added Pin To Net: NetName=TM5 Pin=NX3-5
Added Pin To Net: NetName=TM6 Pin=NX3-6
Added Pin To Net: NetName=TM2 Pin=NX3-7
Added Pin To Net: NetName=TM1 Pin=NX3-8
Added Pin To Net: NetName=TM4 Pin=NX3-9
Added Pin To Net: NetName=TM23 Pin=NX4-0
Added Pin To Net: NetName=TM29 Pin=NX4-1
Added Pin To Net: NetName=TM30 Pin=NX4-2
Added Pin To Net: NetName=TM27 Pin=NX4-3
Added Pin To Net: NetName=TM28 Pin=NX4-4
Added Pin To Net: NetName=TM25 Pin=NX4-5
Added Pin To Net: NetName=TM26 Pin=NX4-6
Added Pin To Net: NetName=TM22 Pin=NX4-7
Added Pin To Net: NetName=TM21 Pin=NX4-8
Added Pin To Net: NetName=TM24 Pin=NX4-9
Added Pin To Net: NetName=TM13 Pin=NX5-0
Added Pin To Net: NetName=TM19 Pin=NX5-1
Added Pin To Net: NetName=TM20 Pin=NX5-2
Added Pin To Net: NetName=TM17 Pin=NX5-3
Added Pin To Net: NetName=TM18 Pin=NX5-4
Added Pin To Net: NetName=TM12 Pin=NX5-7
Added Pin To Net: NetName=TM11 Pin=NX5-8
Added Pin To Net: NetName=TM14 Pin=NX5-9
Added Pin To Net: NetName=TM3 Pin=NX6-0
Added Pin To Net: NetName=TM9 Pin=NX6-1
Added Pin To Net: NetName=TM10 Pin=NX6-2
Added Pin To Net: NetName=TM7 Pin=NX6-3
Added Pin To Net: NetName=TM8 Pin=NX6-4
Added Pin To Net: NetName=TM5 Pin=NX6-5
Added Pin To Net: NetName=TM6 Pin=NX6-6
Added Pin To Net: NetName=TM2 Pin=NX6-7
Added Pin To Net: NetName=TM1 Pin=NX6-8
Added Pin To Net: NetName=TM4 Pin=NX6-9
