Removed Pin From Net: NetName=TM29 Pin=P1-1
Removed Pin From Net: NetName=TM30 Pin=P1-2
Removed Pin From Net: NetName=TM27 Pin=P1-3
Removed Pin From Net: NetName=TM28 Pin=P1-4
Removed Pin From Net: NetName=TM25 Pin=P1-5
Removed Pin From Net: NetName=TM26 Pin=P1-6
Removed Pin From Net: NetName=TM23 Pin=P1-7
Removed Pin From Net: NetName=TM24 Pin=P1-8
Removed Pin From Net: NetName=TM21 Pin=P1-9
Removed Pin From Net: NetName=TM22 Pin=P1-10
Removed Pin From Net: NetName=TM19 Pin=P1-11
Removed Pin From Net: NetName=TM20 Pin=P1-12
Removed Pin From Net: NetName=TM17 Pin=P1-13
Removed Pin From Net: NetName=TM18 Pin=P1-14
Removed Pin From Net: NetName=TM15 Pin=P1-15
Removed Pin From Net: NetName=TM16 Pin=P1-16
Removed Pin From Net: NetName=TM13 Pin=P1-17
Removed Pin From Net: NetName=TM14 Pin=P1-18
Removed Pin From Net: NetName=TM11 Pin=P1-19
Removed Pin From Net: NetName=TM12 Pin=P1-20
Removed Pin From Net: NetName=TM9 Pin=P1-21
Removed Pin From Net: NetName=TM10 Pin=P1-22
Removed Pin From Net: NetName=TM7 Pin=P1-23
Removed Pin From Net: NetName=TM8 Pin=P1-24
Removed Pin From Net: NetName=TM5 Pin=P1-25
Removed Pin From Net: NetName=TM6 Pin=P1-26
Removed Pin From Net: NetName=TM3 Pin=P1-27
Removed Pin From Net: NetName=TM4 Pin=P1-28
Removed Pin From Net: NetName=TM1 Pin=P1-29
Removed Pin From Net: NetName=TM2 Pin=P1-30
Removed Pin From Net: NetName=MPX1 Pin=P1-31
Removed Pin From Net: NetName=MPX2 Pin=P1-32
Removed Pin From Net: NetName=5V Pin=P1-33
Removed Pin From Net: NetName=3V3 Pin=P1-34
Removed Pin From Net: NetName=LED Pin=P1-35
Change Component Designator: OldDesignator=R13 NewDesignator=R1
Change Component Designator: OldDesignator=R14 NewDesignator=R2
Change Component Designator: OldDesignator=R15 NewDesignator=R4
Change Component Designator: OldDesignator=R16 NewDesignator=R5
Change Component Designator: OldDesignator=R17 NewDesignator=R3
Change Component Designator: OldDesignator=R18 NewDesignator=R6
Change component parameters: Designator = "P1"; Footprint = "HDR2X18"; UniqueID = "\KENDFYRE"
Change component parameters. Clean all parameters for all variants
Change component parameters (AddParameter): Name = "LatestRevisionDate"; Value = "17-Jul-2002"; VariantName = "[No Variations]"
Change component parameters (AddParameter): Name = "LatestRevisionNote"; Value = "Re-released for DXP Platform."; VariantName = "[No Variations]"
Change component parameters (AddParameter): Name = "Publisher"; Value = "Altium Limited"; VariantName = "[No Variations]"
Change component parameters (AddParameter): Name = "System"; Value = "Connector"; VariantName = "[No Variations]"
Added Pin To Net: NetName=LED Pin=P1-2
Added Pin To Net: NetName=3V3 Pin=P1-3
Added Pin To Net: NetName=5V Pin=P1-4
Added Pin To Net: NetName=MPX2 Pin=P1-5
Added Pin To Net: NetName=MPX1 Pin=P1-6
Added Pin To Net: NetName=TM2 Pin=P1-7
Added Pin To Net: NetName=TM1 Pin=P1-8
Added Pin To Net: NetName=TM4 Pin=P1-9
Added Pin To Net: NetName=TM3 Pin=P1-10
Added Pin To Net: NetName=TM6 Pin=P1-11
Added Pin To Net: NetName=TM5 Pin=P1-12
Added Pin To Net: NetName=TM8 Pin=P1-13
Added Pin To Net: NetName=TM7 Pin=P1-14
Added Pin To Net: NetName=TM10 Pin=P1-15
Added Pin To Net: NetName=TM9 Pin=P1-16
Added Pin To Net: NetName=TM12 Pin=P1-17
Added Pin To Net: NetName=TM11 Pin=P1-18
Added Pin To Net: NetName=TM14 Pin=P1-19
Added Pin To Net: NetName=TM13 Pin=P1-20
Added Pin To Net: NetName=TM16 Pin=P1-21
Added Pin To Net: NetName=TM15 Pin=P1-22
Added Pin To Net: NetName=TM18 Pin=P1-23
Added Pin To Net: NetName=TM17 Pin=P1-24
Added Pin To Net: NetName=TM20 Pin=P1-25
Added Pin To Net: NetName=TM19 Pin=P1-26
Added Pin To Net: NetName=TM22 Pin=P1-27
Added Pin To Net: NetName=TM21 Pin=P1-28
Added Pin To Net: NetName=TM24 Pin=P1-29
Added Pin To Net: NetName=TM23 Pin=P1-30
Added Pin To Net: NetName=TM26 Pin=P1-31
Added Pin To Net: NetName=TM25 Pin=P1-32
Added Pin To Net: NetName=TM28 Pin=P1-33
Added Pin To Net: NetName=TM27 Pin=P1-34
Added Pin To Net: NetName=TM30 Pin=P1-35
Added Pin To Net: NetName=TM29 Pin=P1-36
