Removed Pin From Net: NetName=TM9 Pin=IC3-1
Removed Pin From Net: NetName=TM10 Pin=IC3-2
Removed Pin From Net: NetName=TM11 Pin=IC3-3
Removed Pin From Net: NetName=TM12 Pin=IC3-4
Removed Pin From Net: NetName=TM13 Pin=IC3-5
Removed Pin From Net: NetName=TM14 Pin=IC3-6
Removed Pin From Net: NetName=TM15 Pin=IC3-7
Removed Pin From Net: NetName=TM16 Pin=IC3-8
Removed Pin From Net: NetName=TM17 Pin=IC3-9
Removed Pin From Net: NetName=TM18 Pin=IC3-10
Removed Pin From Net: NetName=TM19 Pin=IC3-11
Removed Pin From Net: NetName=TM20 Pin=IC3-12
Removed Pin From Net: NetName=TM21 Pin=IC3-13
Removed Pin From Net: NetName=TM22 Pin=IC3-14
Removed Pin From Net: NetName=TM23 Pin=IC3-15
Removed Pin From Net: NetName=TM24 Pin=IC3-16
Removed Pin From Net: NetName=TM25 Pin=IC3-17
Removed Pin From Net: NetName=TM26 Pin=IC3-18
Removed Pin From Net: NetName=TM27 Pin=IC3-19
Removed Pin From Net: NetName=TM28 Pin=IC3-20
Removed Pin From Net: NetName=TM29 Pin=IC3-21
Removed Pin From Net: NetName=TM30 Pin=IC3-22
Removed Pin From Net: NetName=TM1 Pin=IC3-37
Removed Pin From Net: NetName=TM2 Pin=IC3-38
Removed Pin From Net: NetName=TM3 Pin=IC3-39
Removed Pin From Net: NetName=TM4 Pin=IC3-40
Removed Pin From Net: NetName=TM5 Pin=IC3-41
Removed Pin From Net: NetName=TM6 Pin=IC3-42
Removed Pin From Net: NetName=TM7 Pin=IC3-43
Removed Pin From Net: NetName=TM8 Pin=IC3-44
Removed Pin From Net: NetName=TM1 Pin=P1-1
Removed Pin From Net: NetName=TM2 Pin=P1-2
Removed Pin From Net: NetName=TM3 Pin=P1-3
Removed Pin From Net: NetName=TM4 Pin=P1-4
Removed Pin From Net: NetName=TM5 Pin=P1-5
Removed Pin From Net: NetName=TM6 Pin=P1-6
Removed Pin From Net: NetName=TM7 Pin=P1-7
Removed Pin From Net: NetName=TM8 Pin=P1-8
Removed Pin From Net: NetName=TM9 Pin=P1-9
Removed Pin From Net: NetName=TM10 Pin=P1-10
Removed Pin From Net: NetName=TM11 Pin=P1-11
Removed Pin From Net: NetName=TM12 Pin=P1-12
Removed Pin From Net: NetName=TM13 Pin=P1-13
Removed Pin From Net: NetName=TM14 Pin=P1-14
Removed Pin From Net: NetName=TM17 Pin=P1-17
Removed Pin From Net: NetName=TM18 Pin=P1-18
Removed Pin From Net: NetName=TM19 Pin=P1-19
Removed Pin From Net: NetName=TM20 Pin=P1-20
Removed Pin From Net: NetName=TM21 Pin=P1-21
Removed Pin From Net: NetName=TM22 Pin=P1-22
Removed Pin From Net: NetName=TM23 Pin=P1-23
Removed Pin From Net: NetName=TM24 Pin=P1-24
Removed Pin From Net: NetName=TM25 Pin=P1-25
Removed Pin From Net: NetName=TM26 Pin=P1-26
Removed Pin From Net: NetName=TM27 Pin=P1-27
Removed Pin From Net: NetName=TM28 Pin=P1-28
Removed Pin From Net: NetName=TM29 Pin=P1-29
Removed Pin From Net: NetName=TM30 Pin=P1-30
Added Pin To Net: NetName=TM10 Pin=IC3-1
Added Pin To Net: NetName=TM9 Pin=IC3-2
Added Pin To Net: NetName=TM12 Pin=IC3-3
Added Pin To Net: NetName=TM11 Pin=IC3-4
Added Pin To Net: NetName=TM14 Pin=IC3-5
Added Pin To Net: NetName=TM13 Pin=IC3-6
Added Pin To Net: NetName=TM16 Pin=IC3-7
Added Pin To Net: NetName=TM15 Pin=IC3-8
Added Pin To Net: NetName=TM18 Pin=IC3-9
Added Pin To Net: NetName=TM17 Pin=IC3-10
Added Pin To Net: NetName=TM20 Pin=IC3-11
Added Pin To Net: NetName=TM19 Pin=IC3-12
Added Pin To Net: NetName=TM22 Pin=IC3-13
Added Pin To Net: NetName=TM21 Pin=IC3-14
Added Pin To Net: NetName=TM24 Pin=IC3-15
Added Pin To Net: NetName=TM23 Pin=IC3-16
Added Pin To Net: NetName=TM26 Pin=IC3-17
Added Pin To Net: NetName=TM25 Pin=IC3-18
Added Pin To Net: NetName=TM28 Pin=IC3-19
Added Pin To Net: NetName=TM27 Pin=IC3-20
Added Pin To Net: NetName=TM30 Pin=IC3-21
Added Pin To Net: NetName=TM29 Pin=IC3-22
Added Pin To Net: NetName=TM2 Pin=IC3-37
Added Pin To Net: NetName=TM1 Pin=IC3-38
Added Pin To Net: NetName=TM4 Pin=IC3-39
Added Pin To Net: NetName=TM3 Pin=IC3-40
Added Pin To Net: NetName=TM6 Pin=IC3-41
Added Pin To Net: NetName=TM5 Pin=IC3-42
Added Pin To Net: NetName=TM8 Pin=IC3-43
Added Pin To Net: NetName=TM7 Pin=IC3-44
Added Pin To Net: NetName=TM29 Pin=P1-1
Added Pin To Net: NetName=TM30 Pin=P1-2
Added Pin To Net: NetName=TM27 Pin=P1-3
Added Pin To Net: NetName=TM28 Pin=P1-4
Added Pin To Net: NetName=TM25 Pin=P1-5
Added Pin To Net: NetName=TM26 Pin=P1-6
Added Pin To Net: NetName=TM23 Pin=P1-7
Added Pin To Net: NetName=TM24 Pin=P1-8
Added Pin To Net: NetName=TM21 Pin=P1-9
Added Pin To Net: NetName=TM22 Pin=P1-10
Added Pin To Net: NetName=TM19 Pin=P1-11
Added Pin To Net: NetName=TM20 Pin=P1-12
Added Pin To Net: NetName=TM17 Pin=P1-13
Added Pin To Net: NetName=TM18 Pin=P1-14
Added Pin To Net: NetName=TM13 Pin=P1-17
Added Pin To Net: NetName=TM14 Pin=P1-18
Added Pin To Net: NetName=TM11 Pin=P1-19
Added Pin To Net: NetName=TM12 Pin=P1-20
Added Pin To Net: NetName=TM9 Pin=P1-21
Added Pin To Net: NetName=TM10 Pin=P1-22
Added Pin To Net: NetName=TM7 Pin=P1-23
Added Pin To Net: NetName=TM8 Pin=P1-24
Added Pin To Net: NetName=TM5 Pin=P1-25
Added Pin To Net: NetName=TM6 Pin=P1-26
Added Pin To Net: NetName=TM3 Pin=P1-27
Added Pin To Net: NetName=TM4 Pin=P1-28
Added Pin To Net: NetName=TM1 Pin=P1-29
Added Pin To Net: NetName=TM2 Pin=P1-30
Added Room: Name=Controller
