Removed Pin From Net: NetName=MPX1 Pin=P1-31
Removed Pin From Net: NetName=5V Pin=P1-33
Removed Pin From Net: NetName=GND Pin=P1-34
Removed Pin From Net: NetName=LED Pin=P1-35
Change Component Footprint: Designator=P1 Old Footprint=HDR2X18 New Footprint=HDR1X7
Change Component Comment : Designator=P1 Old Comment=Header 18X2 New Comment=Header 7
Change Component Comment : Designator=NX1 Old Comment=in-8 New Comment=in-14-2
Change Component Comment : Designator=NX2 Old Comment=in-8 New Comment=in-14-2
Change Component Comment : Designator=NX3 Old Comment=in-8 New Comment=in-14-2
Change Component Comment : Designator=NX4 Old Comment=in-8 New Comment=in-14-2
Change Component Comment : Designator=NX5 Old Comment=in-8 New Comment=in-14-2
Change Component Comment : Designator=NX6 Old Comment=in-8 New Comment=in-14-2
Change component parameters: Designator = "P1" ("P1"); Footprint = "HDR2X18"; UniqueID = "\AWGKSILG" ("\AWGKSILG")
Change component parameters (AddParameter): Name = "LatestRevisionDate"; Value = "17-Jul-2002"; VariantName = "[No Variations]"
Change component parameters (AddParameter): Name = "LatestRevisionNote"; Value = "Re-released for DXP Platform."; VariantName = "[No Variations]"
Change component parameters (AddParameter): Name = "Publisher"; Value = "Altium Limited"; VariantName = "[No Variations]"
Added Component: Designator=U1(Quad44 PLCC)
Added Component: Designator=U2(Quad44 PLCC)
Added Pin To Net: NetName=LED Pin=P1-4
Added Pin To Net: NetName=5V Pin=P1-5
Added Pin To Net: NetName=GND Pin=P1-6
Added Pin To Net: NetName=MPX1 Pin=P1-7
Added Pin To Net: NetName=MPX1 Pin=R4-2
Added Pin To Net: NetName=MPX1 Pin=R5-2
Added Pin To Net: NetName=MPX1 Pin=R6-2
Added Pin To Net: NetName=5V Pin=U1-27
Added Pin To Net: NetName=GND Pin=U1-29
Added Pin To Net: NetName=5V Pin=U1-30
Added Pin To Net: NetName=5V Pin=U1-33
Added Pin To Net: NetName=5V Pin=U2-27
Added Pin To Net: NetName=GND Pin=U2-29
Added Pin To Net: NetName=5V Pin=U2-30
Added Pin To Net: NetName=5V Pin=U2-33
Change Net Name : Old Net Name=MPX1 New Net Name=HV
Added Pin To Net: NetName=CLK Pin=P1-3
Added Pin To Net: NetName=CLK Pin=U1-28
Added Pin To Net: NetName=CLK Pin=U2-28
Added Net: Name=CLK
Added Pin To Net: NetName=DIN Pin=P1-1
Added Pin To Net: NetName=DIN Pin=U1-32
Added Net: Name=DIN
Added Pin To Net: NetName=LE Pin=P1-2
Added Pin To Net: NetName=LE Pin=U1-31
Added Pin To Net: NetName=LE Pin=U2-31
Added Net: Name=LE
Added Pin To Net: NetName=NetNX1_0 Pin=NX1-0
Added Pin To Net: NetName=NetNX1_0 Pin=U2-12
Added Net: Name=NetNX1_0
Added Pin To Net: NetName=NetNX1_1 Pin=NX1-1
Added Pin To Net: NetName=NetNX1_1 Pin=U2-21
Added Net: Name=NetNX1_1
Added Pin To Net: NetName=NetNX1_2 Pin=NX1-2
Added Pin To Net: NetName=NetNX1_2 Pin=U2-20
Added Net: Name=NetNX1_2
Added Pin To Net: NetName=NetNX1_3 Pin=NX1-3
Added Pin To Net: NetName=NetNX1_3 Pin=U2-19
Added Net: Name=NetNX1_3
Added Pin To Net: NetName=NetNX1_4 Pin=NX1-4
Added Pin To Net: NetName=NetNX1_4 Pin=U2-18
Added Net: Name=NetNX1_4
Added Pin To Net: NetName=NetNX1_5 Pin=NX1-5
Added Pin To Net: NetName=NetNX1_5 Pin=U2-17
Added Net: Name=NetNX1_5
Added Pin To Net: NetName=NetNX1_6 Pin=NX1-6
Added Pin To Net: NetName=NetNX1_6 Pin=U2-16
Added Net: Name=NetNX1_6
Added Pin To Net: NetName=NetNX1_7 Pin=NX1-7
Added Pin To Net: NetName=NetNX1_7 Pin=U2-15
Added Net: Name=NetNX1_7
Added Pin To Net: NetName=NetNX1_8 Pin=NX1-8
Added Pin To Net: NetName=NetNX1_8 Pin=U2-14
Added Net: Name=NetNX1_8
Added Pin To Net: NetName=NetNX1_9 Pin=NX1-9
Added Pin To Net: NetName=NetNX1_9 Pin=U2-13
Added Net: Name=NetNX1_9
Added Pin To Net: NetName=NetNX2_0 Pin=NX2-0
Added Pin To Net: NetName=NetNX2_0 Pin=U2-2
Added Net: Name=NetNX2_0
Added Pin To Net: NetName=NetNX2_1 Pin=NX2-1
Added Pin To Net: NetName=NetNX2_1 Pin=U2-11
Added Net: Name=NetNX2_1
Added Pin To Net: NetName=NetNX2_2 Pin=NX2-2
Added Pin To Net: NetName=NetNX2_2 Pin=U2-10
Added Net: Name=NetNX2_2
Added Pin To Net: NetName=NetNX2_3 Pin=NX2-3
Added Pin To Net: NetName=NetNX2_3 Pin=U2-9
Added Net: Name=NetNX2_3
Added Pin To Net: NetName=NetNX2_4 Pin=NX2-4
Added Pin To Net: NetName=NetNX2_4 Pin=U2-8
Added Net: Name=NetNX2_4
Added Pin To Net: NetName=NetNX2_5 Pin=NX2-5
Added Pin To Net: NetName=NetNX2_5 Pin=U2-7
Added Net: Name=NetNX2_5
Added Pin To Net: NetName=NetNX2_6 Pin=NX2-6
Added Pin To Net: NetName=NetNX2_6 Pin=U2-6
Added Net: Name=NetNX2_6
Added Pin To Net: NetName=NetNX2_7 Pin=NX2-7
Added Pin To Net: NetName=NetNX2_7 Pin=U2-5
Added Net: Name=NetNX2_7
Added Pin To Net: NetName=NetNX2_8 Pin=NX2-8
Added Pin To Net: NetName=NetNX2_8 Pin=U2-4
Added Net: Name=NetNX2_8
Added Pin To Net: NetName=NetNX2_9 Pin=NX2-9
Added Pin To Net: NetName=NetNX2_9 Pin=U2-3
Added Net: Name=NetNX2_9
Added Pin To Net: NetName=NetNX3_0 Pin=NX3-0
Added Pin To Net: NetName=NetNX3_0 Pin=U2-35
Added Net: Name=NetNX3_0
Added Pin To Net: NetName=NetNX3_1 Pin=NX3-1
Added Pin To Net: NetName=NetNX3_1 Pin=U2-44
Added Net: Name=NetNX3_1
Added Pin To Net: NetName=NetNX3_2 Pin=NX3-2
Added Pin To Net: NetName=NetNX3_2 Pin=U2-43
Added Net: Name=NetNX3_2
Added Pin To Net: NetName=NetNX3_3 Pin=NX3-3
Added Pin To Net: NetName=NetNX3_3 Pin=U2-42
Added Net: Name=NetNX3_3
Added Pin To Net: NetName=NetNX3_4 Pin=NX3-4
Added Pin To Net: NetName=NetNX3_4 Pin=U2-41
Added Net: Name=NetNX3_4
Added Pin To Net: NetName=NetNX3_5 Pin=NX3-5
Added Pin To Net: NetName=NetNX3_5 Pin=U2-40
Added Net: Name=NetNX3_5
Added Pin To Net: NetName=NetNX3_6 Pin=NX3-6
Added Pin To Net: NetName=NetNX3_6 Pin=U2-39
Added Net: Name=NetNX3_6
Added Pin To Net: NetName=NetNX3_7 Pin=NX3-7
Added Pin To Net: NetName=NetNX3_7 Pin=U2-38
Added Net: Name=NetNX3_7
Added Pin To Net: NetName=NetNX3_8 Pin=NX3-8
Added Pin To Net: NetName=NetNX3_8 Pin=U2-37
Added Net: Name=NetNX3_8
Added Pin To Net: NetName=NetNX3_9 Pin=NX3-9
Added Pin To Net: NetName=NetNX3_9 Pin=U2-36
Added Net: Name=NetNX3_9
Added Pin To Net: NetName=NetNX4_0 Pin=NX4-0
Added Pin To Net: NetName=NetNX4_0 Pin=U1-12
Added Net: Name=NetNX4_0
Added Pin To Net: NetName=NetNX4_1 Pin=NX4-1
Added Pin To Net: NetName=NetNX4_1 Pin=U1-21
Added Net: Name=NetNX4_1
Added Pin To Net: NetName=NetNX4_2 Pin=NX4-2
Added Pin To Net: NetName=NetNX4_2 Pin=U1-20
Added Net: Name=NetNX4_2
Added Pin To Net: NetName=NetNX4_3 Pin=NX4-3
Added Pin To Net: NetName=NetNX4_3 Pin=U1-19
Added Net: Name=NetNX4_3
Added Pin To Net: NetName=NetNX4_4 Pin=NX4-4
Added Pin To Net: NetName=NetNX4_4 Pin=U1-18
Added Net: Name=NetNX4_4
Added Pin To Net: NetName=NetNX4_5 Pin=NX4-5
Added Pin To Net: NetName=NetNX4_5 Pin=U1-17
Added Net: Name=NetNX4_5
Added Pin To Net: NetName=NetNX4_6 Pin=NX4-6
Added Pin To Net: NetName=NetNX4_6 Pin=U1-16
Added Net: Name=NetNX4_6
Added Pin To Net: NetName=NetNX4_7 Pin=NX4-7
Added Pin To Net: NetName=NetNX4_7 Pin=U1-15
Added Net: Name=NetNX4_7
Added Pin To Net: NetName=NetNX4_8 Pin=NX4-8
Added Pin To Net: NetName=NetNX4_8 Pin=U1-14
Added Net: Name=NetNX4_8
Added Pin To Net: NetName=NetNX4_9 Pin=NX4-9
Added Pin To Net: NetName=NetNX4_9 Pin=U1-13
Added Net: Name=NetNX4_9
Added Pin To Net: NetName=NetNX5_0 Pin=NX5-0
Added Pin To Net: NetName=NetNX5_0 Pin=U1-2
Added Net: Name=NetNX5_0
Added Pin To Net: NetName=NetNX5_1 Pin=NX5-1
Added Pin To Net: NetName=NetNX5_1 Pin=U1-11
Added Net: Name=NetNX5_1
Added Pin To Net: NetName=NetNX5_2 Pin=NX5-2
Added Pin To Net: NetName=NetNX5_2 Pin=U1-10
Added Net: Name=NetNX5_2
Added Pin To Net: NetName=NetNX5_3 Pin=NX5-3
Added Pin To Net: NetName=NetNX5_3 Pin=U1-9
Added Net: Name=NetNX5_3
Added Pin To Net: NetName=NetNX5_4 Pin=NX5-4
Added Pin To Net: NetName=NetNX5_4 Pin=U1-8
Added Net: Name=NetNX5_4
Added Pin To Net: NetName=NetNX5_5 Pin=NX5-5
Added Pin To Net: NetName=NetNX5_5 Pin=U1-7
Added Net: Name=NetNX5_5
Added Pin To Net: NetName=NetNX5_6 Pin=NX5-6
Added Pin To Net: NetName=NetNX5_6 Pin=U1-6
Added Net: Name=NetNX5_6
Added Pin To Net: NetName=NetNX5_7 Pin=NX5-7
Added Pin To Net: NetName=NetNX5_7 Pin=U1-5
Added Net: Name=NetNX5_7
Added Pin To Net: NetName=NetNX5_8 Pin=NX5-8
Added Pin To Net: NetName=NetNX5_8 Pin=U1-4
Added Net: Name=NetNX5_8
Added Pin To Net: NetName=NetNX5_9 Pin=NX5-9
Added Pin To Net: NetName=NetNX5_9 Pin=U1-3
Added Net: Name=NetNX5_9
Added Pin To Net: NetName=NetNX6_0 Pin=NX6-0
Added Pin To Net: NetName=NetNX6_0 Pin=U1-35
Added Net: Name=NetNX6_0
Added Pin To Net: NetName=NetNX6_1 Pin=NX6-1
Added Pin To Net: NetName=NetNX6_1 Pin=U1-44
Added Net: Name=NetNX6_1
Added Pin To Net: NetName=NetNX6_2 Pin=NX6-2
Added Pin To Net: NetName=NetNX6_2 Pin=U1-43
Added Net: Name=NetNX6_2
Added Pin To Net: NetName=NetNX6_3 Pin=NX6-3
Added Pin To Net: NetName=NetNX6_3 Pin=U1-42
Added Net: Name=NetNX6_3
Added Pin To Net: NetName=NetNX6_4 Pin=NX6-4
Added Pin To Net: NetName=NetNX6_4 Pin=U1-41
Added Net: Name=NetNX6_4
Added Pin To Net: NetName=NetNX6_5 Pin=NX6-5
Added Pin To Net: NetName=NetNX6_5 Pin=U1-40
Added Net: Name=NetNX6_5
Added Pin To Net: NetName=NetNX6_6 Pin=NX6-6
Added Pin To Net: NetName=NetNX6_6 Pin=U1-39
Added Net: Name=NetNX6_6
Added Pin To Net: NetName=NetNX6_7 Pin=NX6-7
Added Pin To Net: NetName=NetNX6_7 Pin=U1-38
Added Net: Name=NetNX6_7
Added Pin To Net: NetName=NetNX6_8 Pin=NX6-8
Added Pin To Net: NetName=NetNX6_8 Pin=U1-37
Added Net: Name=NetNX6_8
Added Pin To Net: NetName=NetNX6_9 Pin=NX6-9
Added Pin To Net: NetName=NetNX6_9 Pin=U1-36
Added Net: Name=NetNX6_9
Added Pin To Net: NetName=NetU1_23 Pin=U1-23
Added Pin To Net: NetName=NetU1_23 Pin=U2-32
Added Net: Name=NetU1_23
Added Member To Class: ClassName=Clock Member=Component U1 HV5623
Added Member To Class: ClassName=Clock Member=Component U2 HV5623
Added Room: Name=Clock
