Removed Pin From Net: NetName=TM17 Pin=U2-1
Removed Pin From Net: NetName=TM16 Pin=U2-2
Removed Pin From Net: NetName=TM15 Pin=U2-3
Removed Pin From Net: NetName=TM14 Pin=U2-4
Removed Pin From Net: NetName=TM13 Pin=U2-5
Removed Pin From Net: NetName=TM12 Pin=U2-6
Removed Pin From Net: NetName=TM11 Pin=U2-7
Removed Pin From Net: NetName=TM10 Pin=U2-8
Removed Pin From Net: NetName=TM9 Pin=U2-9
Removed Pin From Net: NetName=TM8 Pin=U2-10
Removed Pin From Net: NetName=TM7 Pin=U2-11
Removed Pin From Net: NetName=TM6 Pin=U2-12
Removed Pin From Net: NetName=TM5 Pin=U2-13
Removed Pin From Net: NetName=TM4 Pin=U2-14
Removed Pin From Net: NetName=TM3 Pin=U2-15
Removed Pin From Net: NetName=TM2 Pin=U2-16
Removed Pin From Net: NetName=TM1 Pin=U2-17
Removed Pin From Net: NetName=+5 Pin=U2-22
Removed Pin From Net: NetName=CLK Pin=U2-23
Removed Pin From Net: NetName=GND Pin=U2-24
Removed Pin From Net: NetName=+5 Pin=U2-25
Removed Pin From Net: NetName=LE Pin=U2-26
Removed Pin From Net: NetName=Din Pin=U2-27
Removed Pin From Net: NetName=+5 Pin=U2-28
Removed Pin From Net: NetName=NetR8_1 Pin=U2-30
Removed Pin From Net: NetName=NetR9_1 Pin=U2-31
Removed Pin From Net: NetName=TM30 Pin=U2-32
Removed Pin From Net: NetName=TM29 Pin=U2-33
Removed Pin From Net: NetName=TM28 Pin=U2-34
Removed Pin From Net: NetName=TM27 Pin=U2-35
Removed Pin From Net: NetName=TM26 Pin=U2-36
Removed Pin From Net: NetName=TM25 Pin=U2-37
Removed Pin From Net: NetName=TM24 Pin=U2-38
Removed Pin From Net: NetName=TM23 Pin=U2-39
Removed Pin From Net: NetName=TM22 Pin=U2-40
Removed Pin From Net: NetName=TM21 Pin=U2-41
Removed Pin From Net: NetName=TM20 Pin=U2-42
Removed Pin From Net: NetName=TM19 Pin=U2-43
Removed Pin From Net: NetName=TM18 Pin=U2-44
Change Component Footprint: Designator=U2 Old Footprint=Quad44 New Footprint=Quad44 PLCC
Change Component Comment : Designator=U2 Old Comment=HV5623 New Comment=HV5622
Change component parameters: Designator = "U2" ("U2"); Footprint = "Quad44"; UniqueID = "\QHXIRCHM" ("\QHXIRCHM")
Added Pin To Net: NetName=TM22 Pin=U2-1
Added Pin To Net: NetName=TM21 Pin=U2-2
Added Pin To Net: NetName=TM20 Pin=U2-3
Added Pin To Net: NetName=TM19 Pin=U2-4
Added Pin To Net: NetName=TM18 Pin=U2-5
Added Pin To Net: NetName=TM17 Pin=U2-6
Added Pin To Net: NetName=TM16 Pin=U2-7
Added Pin To Net: NetName=TM15 Pin=U2-8
Added Pin To Net: NetName=TM14 Pin=U2-9
Added Pin To Net: NetName=TM13 Pin=U2-10
Added Pin To Net: NetName=TM12 Pin=U2-11
Added Pin To Net: NetName=TM11 Pin=U2-12
Added Pin To Net: NetName=TM10 Pin=U2-13
Added Pin To Net: NetName=TM9 Pin=U2-14
Added Pin To Net: NetName=TM8 Pin=U2-15
Added Pin To Net: NetName=TM7 Pin=U2-16
Added Pin To Net: NetName=TM6 Pin=U2-17
Added Pin To Net: NetName=TM5 Pin=U2-18
Added Pin To Net: NetName=TM4 Pin=U2-19
Added Pin To Net: NetName=TM3 Pin=U2-20
Added Pin To Net: NetName=TM2 Pin=U2-21
Added Pin To Net: NetName=TM1 Pin=U2-22
Added Pin To Net: NetName=+5 Pin=U2-27
Added Pin To Net: NetName=CLK Pin=U2-28
Added Pin To Net: NetName=GND Pin=U2-29
Added Pin To Net: NetName=+5 Pin=U2-30
Added Pin To Net: NetName=LE Pin=U2-31
Added Pin To Net: NetName=Din Pin=U2-32
Added Pin To Net: NetName=+5 Pin=U2-33
Added Pin To Net: NetName=NetR8_1 Pin=U2-35
Added Pin To Net: NetName=NetR9_1 Pin=U2-36
Added Pin To Net: NetName=TM30 Pin=U2-37
Added Pin To Net: NetName=TM29 Pin=U2-38
Added Pin To Net: NetName=TM28 Pin=U2-39
Added Pin To Net: NetName=TM27 Pin=U2-40
Added Pin To Net: NetName=TM26 Pin=U2-41
Added Pin To Net: NetName=TM25 Pin=U2-42
Added Pin To Net: NetName=TM24 Pin=U2-43
Added Pin To Net: NetName=TM23 Pin=U2-44
Added Room: Name=BoostConverter
Added Room: Name=Controller
