Removed Pin From Net: NetName=+5 Pin=P2-33
Removed Pin From Net: NetName=GND Pin=P2-34
Removed Pin From Net: NetName=LED Pin=P2-35
Removed Pin From Net: NetName=HV Pin=Q2-2
Removed Pin From Net: NetName=HV Pin=Q3-2
Removed Pin From Net: NetName=HV Pin=R10-2
Removed Pin From Net: NetName=HV Pin=R11-2
Removed Pin From Net: NetName=+5 Pin=U2-27
Removed Pin From Net: NetName=CLK Pin=U2-28
Removed Pin From Net: NetName=GND Pin=U2-29
Removed Pin From Net: NetName=+5 Pin=U2-30
Removed Pin From Net: NetName=LE Pin=U2-31
Removed Pin From Net: NetName=Din Pin=U2-32
Removed Pin From Net: NetName=+5 Pin=U2-33
Removed Member From Class: ClassName=Controller Member=Q2
Removed Member From Class: ClassName=Controller Member=Q3
Removed Member From Class: ClassName=Controller Member=R8
Removed Member From Class: ClassName=Controller Member=R9
Removed Member From Class: ClassName=Controller Member=R10
Removed Member From Class: ClassName=Controller Member=R11
Removed Member From Class: ClassName=Controller Member=U2
Change Component Footprint: Designator=P2 Old Footprint=HDR2X18 New Footprint=HDR1X7
Change Component Comment : Designator=P2 Old Comment=Header 18X2 New Comment=Header 7
Change component parameters: Designator = "P2" ("P2"); Footprint = "HDR2X18"; UniqueID = "\TSXFEECJ" ("\TSXFEECJ")
Change component parameters (AddParameter): Name = "LatestRevisionDate"; Value = "17-Jul-2002"; VariantName = "[No Variations]"
Change component parameters (AddParameter): Name = "LatestRevisionNote"; Value = "Re-released for DXP Platform."; VariantName = "[No Variations]"
Change component parameters (AddParameter): Name = "Publisher"; Value = "Altium Limited"; VariantName = "[No Variations]"
Added Pin To Net: NetName=Din Pin=P2-1
Added Pin To Net: NetName=LE Pin=P2-2
Added Pin To Net: NetName=CLK Pin=P2-3
Added Pin To Net: NetName=LED Pin=P2-4
Added Pin To Net: NetName=+5 Pin=P2-5
Added Pin To Net: NetName=GND Pin=P2-6
Added Pin To Net: NetName=HV Pin=P2-7
Added Member To Class: ClassName=Controller Member=Component P3 Header 5
Added Room: Name=BoostConverter
Added Room: Name=Controller
